<?xml version="1.0" encoding="UTF-8"?>
<testsuite xmlns:xsi="http://www.w3.org/2001/XMLSchema-instance" xsi:noNamespaceSchemaLocation="https://maven.apache.org/surefire/maven-failsafe-plugin/xsd/failsafe-test-report.xsd" version="3.0.2" name="click.kivvi.CustomersApiIT" time="4.296" tests="7" errors="0" skipped="0" failures="0" flakes="0">
  <properties>
[...]
</properties>
  <testcase name="unknownCustomerDocumentIsNotFoundThroughTheRealHttpLayer" classname="click.kivvi.CustomersApiIT" time="0.044">
    <system-out><![CDATA[2026-09-08T22:47:39.681Z  INFO 1238319 --- [kivvi-click] [           main] tc.postgres:18-alpine                    : Creating container for image: postgres:18-alpine
2026-09-08T22:47:39.716Z  INFO 1238319 --- [kivvi-click] [           main] tc.postgres:18-alpine                    : Container postgres:18-alpine is starting: ff7e2218a13ec84cf70a6291a376c63af6f45db3206cedb91429a22053ec9cd7
2026-09-08T22:47:41.956Z  INFO 1238319 --- [kivvi-click] [           main] tc.postgres:18-alpine                    : Container postgres:18-alpine started in PT2.274973732S
2026-09-08T22:47:41.956Z  INFO 1238319 --- [kivvi-click] [           main] tc.postgres:18-alpine                    : Container is started (JDBC URL: jdbc:postgresql://localhost:33550/test?loggerLevel=OFF)
2026-09-08T22:47:41.964Z  INFO 1238319 --- [kivvi-click] [           main] t.c.s.AnnotationConfigContextLoaderUtils : Could not detect default configuration classes for test class [click.kivvi.CustomersApiIT]: CustomersApiIT does not declare any static, non-private, non-final, nested classes annotated with @Configuration.
2026-09-08T22:47:41.973Z  INFO 1238319 --- [kivvi-click] [           main] .b.t.c.SpringBootTestContextBootstrapper : Found @SpringBootConfiguration click.kivvi.KivviApplication for test class click.kivvi.CustomersApiIT
2026-09-08T22:47:41.974Z  INFO 1238319 --- [kivvi-click] [           main] t.c.s.AnnotationConfigContextLoaderUtils : Could not detect default configuration classes for test class [click.kivvi.CustomersApiIT]: CustomersApiIT does not declare any static, non-private, non-final, nested classes annotated with @Configuration.
2026-09-08T22:47:41.979Z  INFO 1238319 --- [kivvi-click] [           main] .b.t.c.SpringBootTestContextBootstrapper : Found @SpringBootConfiguration click.kivvi.KivviApplication for test class click.kivvi.CustomersApiIT

  .   ____          _            __ _ _
 /\\ / ___'_ __ _ _(_)_ __  __ _ \ \ \ \
( ( )\___ | '_ | '_| | '_ \/ _` | \ \ \ \
 \\/  ___)| |_)| | | | | || (_| |  ) ) ) )
  '  |____| .__|_| |_|_| |_\__, | / / / /
 =========|_|==============|___/=/_/_/_/

 :: Spring Boot ::                (v4.1.1)

2026-09-08T22:47:42.012Z  INFO 1238319 --- [kivvi-click] [           main] click.kivvi.CustomersApiIT               : Starting CustomersApiIT using Java 25.0.4.1 with PID 1238319 (started by muszkin in /home/muszkin/work/kivvi-click-wt/verify-wave-2-integration/backend)
2026-09-08T22:47:42.013Z  INFO 1238319 --- [kivvi-click] [           main] click.kivvi.CustomersApiIT               : No active profile set, falling back to 1 default profile: "default"
2026-09-08T22:47:42.634Z  INFO 1238319 --- [kivvi-click] [           main] o.s.boot.tomcat.TomcatWebServer          : Tomcat initialized with port 0 (http)
2026-09-08T22:47:42.635Z  INFO 1238319 --- [kivvi-click] [           main] o.apache.catalina.core.StandardService   : Starting service [Tomcat]
2026-09-08T22:47:42.636Z  INFO 1238319 --- [kivvi-click] [           main] o.apache.catalina.core.StandardEngine    : Starting Servlet engine: [Apache Tomcat/11.0.24]
2026-09-08T22:47:42.646Z  INFO 1238319 --- [kivvi-click] [           main] b.w.c.s.WebApplicationContextInitializer : Root WebApplicationContext: initialization completed in 628 ms
2026-09-08T22:47:42.825Z  INFO 1238319 --- [kivvi-click] [           main] org.flywaydb.core.FlywayExecutor         : Database: jdbc:postgresql://localhost:33550/test?loggerLevel=OFF (PostgreSQL 18.6)
2026-09-08T22:47:42.861Z  INFO 1238319 --- [kivvi-click] [           main] o.f.c.i.s.JdbcTableSchemaHistory         : Schema history table "public"."flyway_schema_history" does not exist yet
2026-09-08T22:47:42.864Z  INFO 1238319 --- [kivvi-click] [           main] o.f.core.internal.command.DbValidate     : Successfully validated 1 migration (execution time 00:00.011s)
2026-09-08T22:47:42.885Z  INFO 1238319 --- [kivvi-click] [           main] o.f.c.i.s.JdbcTableSchemaHistory         : Creating Schema History table "public"."flyway_schema_history" ...
2026-09-08T22:47:42.931Z  INFO 1238319 --- [kivvi-click] [           main] o.f.core.internal.command.DbMigrate      : Current version of schema "public": << Empty Schema >>
2026-09-08T22:47:42.939Z  INFO 1238319 --- [kivvi-click] [           main] o.f.core.internal.command.DbMigrate      : Migrating schema "public" to version "1 - baseline"
2026-09-08T22:47:42.977Z  INFO 1238319 --- [kivvi-click] [           main] o.f.core.internal.command.DbMigrate      : Successfully applied 1 migration to schema "public", now at version v1 (execution time 00:00.033s)
2026-09-08T22:47:43.077Z  INFO 1238319 --- [kivvi-click] [           main] o.s.b.w.a.WelcomePageHandlerMapping      : Adding welcome page: class path resource [static/index.html]
2026-09-08T22:47:43.238Z  INFO 1238319 --- [kivvi-click] [           main] com.zaxxer.hikari.HikariDataSource       : HikariPool-5 - Starting...
2026-09-08T22:47:43.255Z  INFO 1238319 --- [kivvi-click] [           main] com.zaxxer.hikari.pool.HikariPool        : HikariPool-5 - Added connection org.postgresql.jdbc.PgConnection@25325236
2026-09-08T22:47:43.256Z  INFO 1238319 --- [kivvi-click] [           main] com.zaxxer.hikari.HikariDataSource       : HikariPool-5 - Start completed.
2026-09-08T22:47:43.277Z  INFO 1238319 --- [kivvi-click] [           main] o.s.b.a.e.web.EndpointLinksResolver      : Exposing 1 endpoint beneath base path '/actuator'
2026-09-08T22:47:43.303Z  INFO 1238319 --- [kivvi-click] [           main] o.s.boot.tomcat.TomcatWebServer          : Tomcat started on port 41317 (http) with context path '/'
2026-09-08T22:47:43.318Z  INFO 1238319 --- [kivvi-click] [           main] click.kivvi.CustomersApiIT               : Started CustomersApiIT in 1.333 seconds (process running for 35.652)
2026-09-08T22:47:43.322Z  INFO 1238319 --- [kivvi-click] [eat-scheduler-1] c.k.i.scheduling.HeartbeatJob            : Scheduler heartbeat tick.
2026-09-08T22:47:43.330Z  INFO 1238319 --- [kivvi-click] [eat-scheduler-1] c.k.i.tracking.EventDedupCleanupJob      : Event dedup cleanup removed 0 expired row(s).
2026-09-08T22:47:43.345Z  INFO 1238319 --- [kivvi-click] [o-auto-4-exec-1] o.a.c.c.C.[Tomcat-3].[localhost].[/]     : Initializing Spring DispatcherServlet 'dispatcherServlet'
2026-09-08T22:47:43.345Z  INFO 1238319 --- [kivvi-click] [o-auto-4-exec-1] o.s.web.servlet.DispatcherServlet        : Initializing Servlet 'dispatcherServlet'
2026-09-08T22:47:43.347Z  INFO 1238319 --- [kivvi-click] [o-auto-4-exec-1] o.s.web.servlet.DispatcherServlet        : Completed initialization in 2 ms
]]></system-out>
  </testcase>
  <testcase name="customerDetailPayloadMatchesTheOracleThroughTheRealHttpLayer" classname="click.kivvi.CustomersApiIT" time="0.058"/>
  <testcase name="knownCustomerDocumentStillRendersTheSpaShell" classname="click.kivvi.CustomersApiIT" time="0.016"/>
  <testcase name="customersIndexPageRenders200" classname="click.kivvi.CustomersApiIT" time="0.023"/>
  <testcase name="shellForCustomerDetailRouteKeepsCustomersSectionActiveThroughTheRealHttpLayer" classname="click.kivvi.CustomersApiIT" time="0.059"/>
  <testcase name="unknownCustomerApiIsNotFoundThroughTheRealHttpLayer" classname="click.kivvi.CustomersApiIT" time="0.015"/>
  <testcase name="customersListPayloadMatchesTheOracleThroughTheRealHttpLayer" classname="click.kivvi.CustomersApiIT" time="0.069"/>
</testsuite>